# JRE version: OpenJDK Runtime Environment (8.0_372-b07) (build 1.8.0_372-b07)
# Java VM: OpenJDK 64-Bit Server VM (25.372-b07 mixed mode windows-amd64 compressed oops)
Heap:
 PSYoungGen      total 81408K, used 50982K [0x00000000e0c00000, 0x00000000e8b00000, 0x0000000100000000)
  eden space 71680K, 71% used [0x00000000e0c00000,0x00000000e3dc9bf8,0x00000000e5200000)
  from space 9728K, 0% used [0x00000000e5200000,0x00000000e5200000,0x00000000e5b80000)
  to   space 9728K, 0% used [0x00000000e8180000,0x00000000e8180000,0x00000000e8b00000)
 ParOldGen       total 37888K, used 14370K [0x00000000a2400000, 0x00000000a4900000, 0x00000000e0c00000)
  object space 37888K, 37% used [0x00000000a2400000,0x00000000a3208a10,0x00000000a4900000)
 Metaspace       used 40123K, capacity 42320K, committed 42456K, reserved 1085440K
  class space    used 5402K, capacity 5829K, committed 5888K, reserved 1048576K
GC Heap History (10 events):
Event: 12.769 GC heap before
{Heap before GC invocations=9 (full 1):
 PSYoungGen      total 32256K, used 25924K [0x00000000e0c00000, 0x00000000e4a80000, 0x0000000100000000)
  eden space 23552K, 100% used [0x00000000e0c00000,0x00000000e2300000,0x00000000e2300000)
  from space 8704K, 27% used [0x00000000e2300000,0x00000000e2551148,0x00000000e2b80000)
  to   space 8704K, 0% used [0x00000000e4200000,0x00000000e4200000,0x00000000e4a80000)
 ParOldGen       total 37888K, used 8111K [0x00000000a2400000, 0x00000000a4900000, 0x00000000e0c00000)
  object space 37888K, 21% used [0x00000000a2400000,0x00000000a2bebd70,0x00000000a4900000)
 Metaspace       used 23176K, capacity 24398K, committed 24448K, reserved 1071104K
  class space    used 2924K, capacity 3197K, committed 3200K, reserved 1048576K
Event: 12.782 GC heap after
Heap after GC invocations=9 (full 1):
 PSYoungGen      total 54272K, used 3823K [0x00000000e0c00000, 0x00000000e4a00000, 0x0000000100000000)
  eden space 46080K, 0% used [0x00000000e0c00000,0x00000000e0c00000,0x00000000e3900000)
  from space 8192K, 46% used [0x00000000e4200000,0x00000000e45bbe10,0x00000000e4a00000)
  to   space 8704K, 0% used [0x00000000e3900000,0x00000000e3900000,0x00000000e4180000)
 ParOldGen       total 37888K, used 8119K [0x00000000a2400000, 0x00000000a4900000, 0x00000000e0c00000)
  object space 37888K, 21% used [0x00000000a2400000,0x00000000a2bedd70,0x00000000a4900000)
 Metaspace       used 23176K, capacity 24398K, committed 24448K, reserved 1071104K
  class space    used 2924K, capacity 3197K, committed 3200K, reserved 1048576K
}
Event: 15.970 GC heap before
{Heap before GC invocations=10 (full 1):
 PSYoungGen      total 54272K, used 49903K [0x00000000e0c00000, 0x00000000e4a00000, 0x0000000100000000)
  eden space 46080K, 100% used [0x00000000e0c00000,0x00000000e3900000,0x00000000e3900000)
  from space 8192K, 46% used [0x00000000e4200000,0x00000000e45bbe10,0x00000000e4a00000)
  to   space 8704K, 0% used [0x00000000e3900000,0x00000000e3900000,0x00000000e4180000)
 ParOldGen       total 37888K, used 8119K [0x00000000a2400000, 0x00000000a4900000, 0x00000000e0c00000)
  object space 37888K, 21% used [0x00000000a2400000,0x00000000a2bedd70,0x00000000a4900000)
 Metaspace       used 27208K, capacity 28632K, committed 28928K, reserved 1075200K
  class space    used 3475K, capacity 3772K, committed 3840K, reserved 1048576K
Event: 15.984 GC heap after
Heap after GC invocations=10 (full 1):
 PSYoungGen      total 54784K, used 7673K [0x00000000e0c00000, 0x00000000e6480000, 0x0000000100000000)
  eden space 46080K, 0% used [0x00000000e0c00000,0x00000000e0c00000,0x00000000e3900000)
  from space 8704K, 88% used [0x00000000e3900000,0x00000000e407e760,0x00000000e4180000)
  to   space 9216K, 0% used [0x00000000e5b80000,0x00000000e5b80000,0x00000000e6480000)
 ParOldGen       total 37888K, used 8127K [0x00000000a2400000, 0x00000000a4900000, 0x00000000e0c00000)
  object space 37888K, 21% used [0x00000000a2400000,0x00000000a2befd70,0x00000000a4900000)
 Metaspace       used 27208K, capacity 28632K, committed 28928K, reserved 1075200K
  class space    used 3475K, capacity 3772K, committed 3840K, reserved 1048576K
}
Event: 19.741 GC heap before
{Heap before GC invocations=11 (full 1):
 PSYoungGen      total 54784K, used 53753K [0x00000000e0c00000, 0x00000000e6480000, 0x0000000100000000)
  eden space 46080K, 100% used [0x00000000e0c00000,0x00000000e3900000,0x00000000e3900000)
  from space 8704K, 88% used [0x00000000e3900000,0x00000000e407e760,0x00000000e4180000)
  to   space 9216K, 0% used [0x00000000e5b80000,0x00000000e5b80000,0x00000000e6480000)
 ParOldGen       total 37888K, used 8127K [0x00000000a2400000, 0x00000000a4900000, 0x00000000e0c00000)
  object space 37888K, 21% used [0x00000000a2400000,0x00000000a2befd70,0x00000000a4900000)
 Metaspace       used 30667K, capacity 32692K, committed 32768K, reserved 1077248K
  class space    used 3934K, capacity 4306K, committed 4352K, reserved 1048576K
Event: 19.756 GC heap after
Heap after GC invocations=11 (full 1):
 PSYoungGen      total 80896K, used 7375K [0x00000000e0c00000, 0x00000000e6500000, 0x0000000100000000)
  eden space 71680K, 0% used [0x00000000e0c00000,0x00000000e0c00000,0x00000000e5200000)
  from space 9216K, 80% used [0x00000000e5b80000,0x00000000e62b3ff8,0x00000000e6480000)
  to   space 9728K, 0% used [0x00000000e5200000,0x00000000e5200000,0x00000000e5b80000)
 ParOldGen       total 37888K, used 9911K [0x00000000a2400000, 0x00000000a4900000, 0x00000000e0c00000)
  object space 37888K, 26% used [0x00000000a2400000,0x00000000a2dadd80,0x00000000a4900000)
 Metaspace       used 30667K, capacity 32692K, committed 32768K, reserved 1077248K
  class space    used 3934K, capacity 4306K, committed 4352K, reserved 1048576K
}
Event: 22.370 GC heap before
{Heap before GC invocations=12 (full 1):
 PSYoungGen      total 80896K, used 46490K [0x00000000e0c00000, 0x00000000e6500000, 0x0000000100000000)
  eden space 71680K, 54% used [0x00000000e0c00000,0x00000000e3232b70,0x00000000e5200000)
  from space 9216K, 80% used [0x00000000e5b80000,0x00000000e62b3ff8,0x00000000e6480000)
  to   space 9728K, 0% used [0x00000000e5200000,0x00000000e5200000,0x00000000e5b80000)
 ParOldGen       total 37888K, used 9911K [0x00000000a2400000, 0x00000000a4900000, 0x00000000e0c00000)
  object space 37888K, 26% used [0x00000000a2400000,0x00000000a2dadd80,0x00000000a4900000)
 Metaspace       used 33247K, capacity 35354K, committed 35416K, reserved 1079296K
  class space    used 4275K, capacity 4689K, committed 4736K, reserved 1048576K
Event: 22.396 GC heap after
Heap after GC invocations=12 (full 1):
 PSYoungGen      total 81408K, used 3101K [0x00000000e0c00000, 0x00000000e8b00000, 0x0000000100000000)
  eden space 71680K, 0% used [0x00000000e0c00000,0x00000000e0c00000,0x00000000e5200000)
  from space 9728K, 31% used [0x00000000e5200000,0x00000000e55075e8,0x00000000e5b80000)
  to   space 9728K, 0% used [0x00000000e8180000,0x00000000e8180000,0x00000000e8b00000)
 ParOldGen       total 37888K, used 15129K [0x00000000a2400000, 0x00000000a4900000, 0x00000000e0c00000)
  object space 37888K, 39% used [0x00000000a2400000,0x00000000a32c6520,0x00000000a4900000)
 Metaspace       used 33247K, capacity 35354K, committed 35416K, reserved 1079296K
  class space    used 4275K, capacity 4689K, committed 4736K, reserved 1048576K
}
Event: 22.396 GC heap before
{Heap before GC invocations=13 (full 2):
 PSYoungGen      total 81408K, used 3101K [0x00000000e0c00000, 0x00000000e8b00000, 0x0000000100000000)
  eden space 71680K, 0% used [0x00000000e0c00000,0x00000000e0c00000,0x00000000e5200000)
  from space 9728K, 31% used [0x00000000e5200000,0x00000000e55075e8,0x00000000e5b80000)
  to   space 9728K, 0% used [0x00000000e8180000,0x00000000e8180000,0x00000000e8b00000)
 ParOldGen       total 37888K, used 15129K [0x00000000a2400000, 0x00000000a4900000, 0x00000000e0c00000)
  object space 37888K, 39% used [0x00000000a2400000,0x00000000a32c6520,0x00000000a4900000)
 Metaspace       used 33247K, capacity 35354K, committed 35416K, reserved 1079296K
  class space    used 4275K, capacity 4689K, committed 4736K, reserved 1048576K
Event: 22.511 GC heap after
Heap after GC invocations=13 (full 2):
 PSYoungGen      total 81408K, used 0K [0x00000000e0c00000, 0x00000000e8b00000, 0x0000000100000000)
  eden space 71680K, 0% used [0x00000000e0c00000,0x00000000e0c00000,0x00000000e5200000)
  from space 9728K, 0% used [0x00000000e5200000,0x00000000e5200000,0x00000000e5b80000)
  to   space 9728K, 0% used [0x00000000e8180000,0x00000000e8180000,0x00000000e8b00000)
 ParOldGen       total 37888K, used 14370K [0x00000000a2400000, 0x00000000a4900000, 0x00000000e0c00000)
  object space 37888K, 37% used [0x00000000a2400000,0x00000000a3208a10,0x00000000a4900000)
 Metaspace       used 33247K, capacity 35354K, committed 35416K, reserved 1079296K
  class space    used 4275K, capacity 4689K, committed 4736K, reserved 1048576K
}

