# JRE version: OpenJDK Runtime Environment (8.0_372-b07) (build 1.8.0_372-b07)
# Java VM: OpenJDK 64-Bit Server VM (25.372-b07 mixed mode windows-amd64 compressed oops)
Heap:
 PSYoungGen      total 104448K, used 55614K [0x00000000e0c00000, 0x00000000e8400000, 0x0000000100000000)
  eden space 96768K, 49% used [0x00000000e0c00000,0x00000000e3ad66f0,0x00000000e6a80000)
  from space 7680K, 99% used [0x00000000e6a80000,0x00000000e71f93a0,0x00000000e7200000)
  to   space 9728K, 0% used [0x00000000e7a80000,0x00000000e7a80000,0x00000000e8400000)
 ParOldGen       total 48128K, used 9630K [0x00000000a2400000, 0x00000000a5300000, 0x00000000e0c00000)
  object space 48128K, 20% used [0x00000000a2400000,0x00000000a2d67910,0x00000000a5300000)
 Metaspace       used 31917K, capacity 33988K, committed 34304K, reserved 1079296K
  class space    used 4115K, capacity 4518K, committed 4608K, reserved 1048576K
GC Heap History (10 events):
Event: 3.616 GC heap before
{Heap before GC invocations=4 (full 0):
 PSYoungGen      total 28160K, used 28154K [0x00000000e0c00000, 0x00000000e4300000, 0x0000000100000000)
  eden space 24576K, 100% used [0x00000000e0c00000,0x00000000e2400000,0x00000000e2400000)
  from space 3584K, 99% used [0x00000000e2400000,0x00000000e277eb20,0x00000000e2780000)
  to   space 3584K, 0% used [0x00000000e3f80000,0x00000000e3f80000,0x00000000e4300000)
 ParOldGen       total 64512K, used 4464K [0x00000000a2400000, 0x00000000a6300000, 0x00000000e0c00000)
  object space 64512K, 6% used [0x00000000a2400000,0x00000000a285c3f8,0x00000000a6300000)
 Metaspace       used 18416K, capacity 19118K, committed 19456K, reserved 1067008K
  class space    used 2286K, capacity 2461K, committed 2560K, reserved 1048576K
Event: 3.625 GC heap after
Heap after GC invocations=4 (full 0):
 PSYoungGen      total 52736K, used 3566K [0x00000000e0c00000, 0x00000000e4300000, 0x0000000100000000)
  eden space 49152K, 0% used [0x00000000e0c00000,0x00000000e0c00000,0x00000000e3c00000)
  from space 3584K, 99% used [0x00000000e3f80000,0x00000000e42fb868,0x00000000e4300000)
  to   space 3584K, 0% used [0x00000000e3c00000,0x00000000e3c00000,0x00000000e3f80000)
 ParOldGen       total 64512K, used 7335K [0x00000000a2400000, 0x00000000a6300000, 0x00000000e0c00000)
  object space 64512K, 11% used [0x00000000a2400000,0x00000000a2b29e40,0x00000000a6300000)
 Metaspace       used 18416K, capacity 19118K, committed 19456K, reserved 1067008K
  class space    used 2286K, capacity 2461K, committed 2560K, reserved 1048576K
}
Event: 4.216 GC heap before
{Heap before GC invocations=5 (full 0):
 PSYoungGen      total 52736K, used 27418K [0x00000000e0c00000, 0x00000000e4300000, 0x0000000100000000)
  eden space 49152K, 48% used [0x00000000e0c00000,0x00000000e234b380,0x00000000e3c00000)
  from space 3584K, 99% used [0x00000000e3f80000,0x00000000e42fb868,0x00000000e4300000)
  to   space 3584K, 0% used [0x00000000e3c00000,0x00000000e3c00000,0x00000000e3f80000)
 ParOldGen       total 64512K, used 7335K [0x00000000a2400000, 0x00000000a6300000, 0x00000000e0c00000)
  object space 64512K, 11% used [0x00000000a2400000,0x00000000a2b29e40,0x00000000a6300000)
 Metaspace       used 20252K, capacity 21110K, committed 21248K, reserved 1067008K
  class space    used 2522K, capacity 2725K, committed 2816K, reserved 1048576K
Event: 4.228 GC heap after
Heap after GC invocations=5 (full 0):
 PSYoungGen      total 52736K, used 3553K [0x00000000e0c00000, 0x00000000e7c00000, 0x0000000100000000)
  eden space 49152K, 0% used [0x00000000e0c00000,0x00000000e0c00000,0x00000000e3c00000)
  from space 3584K, 99% used [0x00000000e3c00000,0x00000000e3f78488,0x00000000e3f80000)
  to   space 8192K, 0% used [0x00000000e7400000,0x00000000e7400000,0x00000000e7c00000)
 ParOldGen       total 64512K, used 10431K [0x00000000a2400000, 0x00000000a6300000, 0x00000000e0c00000)
  object space 64512K, 16% used [0x00000000a2400000,0x00000000a2e2fdc0,0x00000000a6300000)
 Metaspace       used 20252K, capacity 21110K, committed 21248K, reserved 1067008K
  class space    used 2522K, capacity 2725K, committed 2816K, reserved 1048576K
}
Event: 4.228 GC heap before
{Heap before GC invocations=6 (full 1):
 PSYoungGen      total 52736K, used 3553K [0x00000000e0c00000, 0x00000000e7c00000, 0x0000000100000000)
  eden space 49152K, 0% used [0x00000000e0c00000,0x00000000e0c00000,0x00000000e3c00000)
  from space 3584K, 99% used [0x00000000e3c00000,0x00000000e3f78488,0x00000000e3f80000)
  to   space 8192K, 0% used [0x00000000e7400000,0x00000000e7400000,0x00000000e7c00000)
 ParOldGen       total 64512K, used 10431K [0x00000000a2400000, 0x00000000a6300000, 0x00000000e0c00000)
  object space 64512K, 16% used [0x00000000a2400000,0x00000000a2e2fdc0,0x00000000a6300000)
 Metaspace       used 20252K, capacity 21110K, committed 21248K, reserved 1067008K
  class space    used 2522K, capacity 2725K, committed 2816K, reserved 1048576K
Event: 4.293 GC heap after
Heap after GC invocations=6 (full 1):
 PSYoungGen      total 52736K, used 0K [0x00000000e0c00000, 0x00000000e7c00000, 0x0000000100000000)
  eden space 49152K, 0% used [0x00000000e0c00000,0x00000000e0c00000,0x00000000e3c00000)
  from space 3584K, 0% used [0x00000000e3c00000,0x00000000e3c00000,0x00000000e3f80000)
  to   space 8192K, 0% used [0x00000000e7400000,0x00000000e7400000,0x00000000e7c00000)
 ParOldGen       total 48128K, used 6921K [0x00000000a2400000, 0x00000000a5300000, 0x00000000e0c00000)
  object space 48128K, 14% used [0x00000000a2400000,0x00000000a2ac24d8,0x00000000a5300000)
 Metaspace       used 20252K, capacity 21110K, committed 21248K, reserved 1067008K
  class space    used 2522K, capacity 2725K, committed 2816K, reserved 1048576K
}
Event: 5.748 GC heap before
{Heap before GC invocations=7 (full 1):
 PSYoungGen      total 52736K, used 49152K [0x00000000e0c00000, 0x00000000e7c00000, 0x0000000100000000)
  eden space 49152K, 100% used [0x00000000e0c00000,0x00000000e3c00000,0x00000000e3c00000)
  from space 3584K, 0% used [0x00000000e3c00000,0x00000000e3c00000,0x00000000e3f80000)
  to   space 8192K, 0% used [0x00000000e7400000,0x00000000e7400000,0x00000000e7c00000)
 ParOldGen       total 48128K, used 6921K [0x00000000a2400000, 0x00000000a5300000, 0x00000000e0c00000)
  object space 48128K, 14% used [0x00000000a2400000,0x00000000a2ac24d8,0x00000000a5300000)
 Metaspace       used 23191K, capacity 24406K, committed 24448K, reserved 1071104K
  class space    used 2924K, capacity 3197K, committed 3200K, reserved 1048576K
Event: 5.756 GC heap after
Heap after GC invocations=7 (full 1):
 PSYoungGen      total 78336K, used 5379K [0x00000000e0c00000, 0x00000000e7980000, 0x0000000100000000)
  eden space 72704K, 0% used [0x00000000e0c00000,0x00000000e0c00000,0x00000000e5300000)
  from space 5632K, 95% used [0x00000000e7400000,0x00000000e7940f20,0x00000000e7980000)
  to   space 7680K, 0% used [0x00000000e6a80000,0x00000000e6a80000,0x00000000e7200000)
 ParOldGen       total 48128K, used 6929K [0x00000000a2400000, 0x00000000a5300000, 0x00000000e0c00000)
  object space 48128K, 14% used [0x00000000a2400000,0x00000000a2ac44d8,0x00000000a5300000)
 Metaspace       used 23191K, capacity 24406K, committed 24448K, reserved 1071104K
  class space    used 2924K, capacity 3197K, committed 3200K, reserved 1048576K
}
Event: 11.001 GC heap before
{Heap before GC invocations=8 (full 1):
 PSYoungGen      total 78336K, used 78083K [0x00000000e0c00000, 0x00000000e7980000, 0x0000000100000000)
  eden space 72704K, 100% used [0x00000000e0c00000,0x00000000e5300000,0x00000000e5300000)
  from space 5632K, 95% used [0x00000000e7400000,0x00000000e7940f20,0x00000000e7980000)
  to   space 7680K, 0% used [0x00000000e6a80000,0x00000000e6a80000,0x00000000e7200000)
 ParOldGen       total 48128K, used 6929K [0x00000000a2400000, 0x00000000a5300000, 0x00000000e0c00000)
  object space 48128K, 14% used [0x00000000a2400000,0x00000000a2ac44d8,0x00000000a5300000)
 Metaspace       used 29213K, capacity 31118K, committed 31360K, reserved 1077248K
  class space    used 3758K, capacity 4117K, committed 4224K, reserved 1048576K
Event: 11.019 GC heap after
Heap after GC invocations=8 (full 1):
 PSYoungGen      total 104448K, used 7652K [0x00000000e0c00000, 0x00000000e8400000, 0x0000000100000000)
  eden space 96768K, 0% used [0x00000000e0c00000,0x00000000e0c00000,0x00000000e6a80000)
  from space 7680K, 99% used [0x00000000e6a80000,0x00000000e71f93a0,0x00000000e7200000)
  to   space 9728K, 0% used [0x00000000e7a80000,0x00000000e7a80000,0x00000000e8400000)
 ParOldGen       total 48128K, used 9630K [0x00000000a2400000, 0x00000000a5300000, 0x00000000e0c00000)
  object space 48128K, 20% used [0x00000000a2400000,0x00000000a2d67910,0x00000000a5300000)
 Metaspace       used 29213K, capacity 31118K, committed 31360K, reserved 1077248K
  class space    used 3758K, capacity 4117K, committed 4224K, reserved 1048576K
}

