# JRE version: OpenJDK Runtime Environment (8.0_372-b07) (build 1.8.0_372-b07)
# Java VM: OpenJDK 64-Bit Server VM (25.372-b07 mixed mode windows-amd64 compressed oops)
Heap:
 PSYoungGen      total 132608K, used 63014K [0x00000000e0c00000, 0x00000000eb280000, 0x0000000100000000)
  eden space 122368K, 51% used [0x00000000e0c00000,0x00000000e49899c8,0x00000000e8380000)
  from space 10240K, 0% used [0x00000000e8e80000,0x00000000e8e80000,0x00000000e9880000)
  to   space 11264K, 0% used [0x00000000e8380000,0x00000000e8380000,0x00000000e8e80000)
 ParOldGen       total 69120K, used 14444K [0x00000000a2400000, 0x00000000a6780000, 0x00000000e0c00000)
  object space 69120K, 20% used [0x00000000a2400000,0x00000000a321b290,0x00000000a6780000)
 Metaspace       used 41652K, capacity 43887K, committed 44248K, reserved 1087488K
  class space    used 5607K, capacity 6027K, committed 6144K, reserved 1048576K
GC Heap History (10 events):
Event: 4.128 GC heap before
{Heap before GC invocations=6 (full 1):
 PSYoungGen      total 52736K, used 3563K [0x00000000e0c00000, 0x00000000e7c00000, 0x0000000100000000)
  eden space 49152K, 0% used [0x00000000e0c00000,0x00000000e0c00000,0x00000000e3c00000)
  from space 3584K, 99% used [0x00000000e3c00000,0x00000000e3f7aec0,0x00000000e3f80000)
  to   space 8192K, 0% used [0x00000000e7400000,0x00000000e7400000,0x00000000e7c00000)
 ParOldGen       total 64512K, used 10589K [0x00000000a2400000, 0x00000000a6300000, 0x00000000e0c00000)
  object space 64512K, 16% used [0x00000000a2400000,0x00000000a2e57740,0x00000000a6300000)
 Metaspace       used 20298K, capacity 21116K, committed 21248K, reserved 1067008K
  class space    used 2526K, capacity 2726K, committed 2816K, reserved 1048576K
Event: 4.169 GC heap after
Heap after GC invocations=6 (full 1):
 PSYoungGen      total 52736K, used 0K [0x00000000e0c00000, 0x00000000e7c00000, 0x0000000100000000)
  eden space 49152K, 0% used [0x00000000e0c00000,0x00000000e0c00000,0x00000000e3c00000)
  from space 3584K, 0% used [0x00000000e3c00000,0x00000000e3c00000,0x00000000e3f80000)
  to   space 8192K, 0% used [0x00000000e7400000,0x00000000e7400000,0x00000000e7c00000)
 ParOldGen       total 45056K, used 6749K [0x00000000a2400000, 0x00000000a5000000, 0x00000000e0c00000)
  object space 45056K, 14% used [0x00000000a2400000,0x00000000a2a97770,0x00000000a5000000)
 Metaspace       used 20298K, capacity 21116K, committed 21248K, reserved 1067008K
  class space    used 2526K, capacity 2726K, committed 2816K, reserved 1048576K
}
Event: 5.882 GC heap before
{Heap before GC invocations=7 (full 1):
 PSYoungGen      total 52736K, used 49152K [0x00000000e0c00000, 0x00000000e7c00000, 0x0000000100000000)
  eden space 49152K, 100% used [0x00000000e0c00000,0x00000000e3c00000,0x00000000e3c00000)
  from space 3584K, 0% used [0x00000000e3c00000,0x00000000e3c00000,0x00000000e3f80000)
  to   space 8192K, 0% used [0x00000000e7400000,0x00000000e7400000,0x00000000e7c00000)
 ParOldGen       total 45056K, used 6749K [0x00000000a2400000, 0x00000000a5000000, 0x00000000e0c00000)
  object space 45056K, 14% used [0x00000000a2400000,0x00000000a2a97770,0x00000000a5000000)
 Metaspace       used 23679K, capacity 24912K, committed 25088K, reserved 1071104K
  class space    used 2991K, capacity 3262K, committed 3328K, reserved 1048576K
Event: 5.898 GC heap after
Heap after GC invocations=7 (full 1):
 PSYoungGen      total 85504K, used 6004K [0x00000000e0c00000, 0x00000000e7a00000, 0x0000000100000000)
  eden space 79360K, 0% used [0x00000000e0c00000,0x00000000e0c00000,0x00000000e5980000)
  from space 6144K, 97% used [0x00000000e7400000,0x00000000e79dd370,0x00000000e7a00000)
  to   space 7680K, 0% used [0x00000000e6b00000,0x00000000e6b00000,0x00000000e7280000)
 ParOldGen       total 45056K, used 6757K [0x00000000a2400000, 0x00000000a5000000, 0x00000000e0c00000)
  object space 45056K, 14% used [0x00000000a2400000,0x00000000a2a99770,0x00000000a5000000)
 Metaspace       used 23679K, capacity 24912K, committed 25088K, reserved 1071104K
  class space    used 2991K, capacity 3262K, committed 3328K, reserved 1048576K
}
Event: 14.243 GC heap before
{Heap before GC invocations=8 (full 1):
 PSYoungGen      total 85504K, used 85364K [0x00000000e0c00000, 0x00000000e7a00000, 0x0000000100000000)
  eden space 79360K, 100% used [0x00000000e0c00000,0x00000000e5980000,0x00000000e5980000)
  from space 6144K, 97% used [0x00000000e7400000,0x00000000e79dd370,0x00000000e7a00000)
  to   space 7680K, 0% used [0x00000000e6b00000,0x00000000e6b00000,0x00000000e7280000)
 ParOldGen       total 45056K, used 6757K [0x00000000a2400000, 0x00000000a5000000, 0x00000000e0c00000)
  object space 45056K, 14% used [0x00000000a2400000,0x00000000a2a99770,0x00000000a5000000)
 Metaspace       used 30282K, capacity 32306K, committed 32512K, reserved 1077248K
  class space    used 3869K, capacity 4267K, committed 4352K, reserved 1048576K
Event: 14.264 GC heap after
Heap after GC invocations=8 (full 1):
 PSYoungGen      total 104960K, used 7676K [0x00000000e0c00000, 0x00000000e9880000, 0x0000000100000000)
  eden space 97280K, 0% used [0x00000000e0c00000,0x00000000e0c00000,0x00000000e6b00000)
  from space 7680K, 99% used [0x00000000e6b00000,0x00000000e727f3d0,0x00000000e7280000)
  to   space 10240K, 0% used [0x00000000e8e80000,0x00000000e8e80000,0x00000000e9880000)
 ParOldGen       total 45056K, used 9791K [0x00000000a2400000, 0x00000000a5000000, 0x00000000e0c00000)
  object space 45056K, 21% used [0x00000000a2400000,0x00000000a2d8fec8,0x00000000a5000000)
 Metaspace       used 30282K, capacity 32306K, committed 32512K, reserved 1077248K
  class space    used 3869K, capacity 4267K, committed 4352K, reserved 1048576K
}
Event: 17.400 GC heap before
{Heap before GC invocations=9 (full 1):
 PSYoungGen      total 104960K, used 47552K [0x00000000e0c00000, 0x00000000e9880000, 0x0000000100000000)
  eden space 97280K, 40% used [0x00000000e0c00000,0x00000000e32f0d90,0x00000000e6b00000)
  from space 7680K, 99% used [0x00000000e6b00000,0x00000000e727f3d0,0x00000000e7280000)
  to   space 10240K, 0% used [0x00000000e8e80000,0x00000000e8e80000,0x00000000e9880000)
 ParOldGen       total 45056K, used 9791K [0x00000000a2400000, 0x00000000a5000000, 0x00000000e0c00000)
  object space 45056K, 21% used [0x00000000a2400000,0x00000000a2d8fec8,0x00000000a5000000)
 Metaspace       used 33271K, capacity 35290K, committed 35416K, reserved 1079296K
  class space    used 4270K, capacity 4651K, committed 4736K, reserved 1048576K
Event: 17.419 GC heap after
Heap after GC invocations=9 (full 1):
 PSYoungGen      total 132608K, used 10186K [0x00000000e0c00000, 0x00000000eb280000, 0x0000000100000000)
  eden space 122368K, 0% used [0x00000000e0c00000,0x00000000e0c00000,0x00000000e8380000)
  from space 10240K, 99% used [0x00000000e8e80000,0x00000000e9872950,0x00000000e9880000)
  to   space 11264K, 0% used [0x00000000e8380000,0x00000000e8380000,0x00000000e8e80000)
 ParOldGen       total 45056K, used 9791K [0x00000000a2400000, 0x00000000a5000000, 0x00000000e0c00000)
  object space 45056K, 21% used [0x00000000a2400000,0x00000000a2d8fec8,0x00000000a5000000)
 Metaspace       used 33271K, capacity 35290K, committed 35416K, reserved 1079296K
  class space    used 4270K, capacity 4651K, committed 4736K, reserved 1048576K
}
Event: 17.420 GC heap before
{Heap before GC invocations=10 (full 2):
 PSYoungGen      total 132608K, used 10186K [0x00000000e0c00000, 0x00000000eb280000, 0x0000000100000000)
  eden space 122368K, 0% used [0x00000000e0c00000,0x00000000e0c00000,0x00000000e8380000)
  from space 10240K, 99% used [0x00000000e8e80000,0x00000000e9872950,0x00000000e9880000)
  to   space 11264K, 0% used [0x00000000e8380000,0x00000000e8380000,0x00000000e8e80000)
 ParOldGen       total 45056K, used 9791K [0x00000000a2400000, 0x00000000a5000000, 0x00000000e0c00000)
  object space 45056K, 21% used [0x00000000a2400000,0x00000000a2d8fec8,0x00000000a5000000)
 Metaspace       used 33271K, capacity 35290K, committed 35416K, reserved 1079296K
  class space    used 4270K, capacity 4651K, committed 4736K, reserved 1048576K
Event: 17.543 GC heap after
Heap after GC invocations=10 (full 2):
 PSYoungGen      total 132608K, used 0K [0x00000000e0c00000, 0x00000000eb280000, 0x0000000100000000)
  eden space 122368K, 0% used [0x00000000e0c00000,0x00000000e0c00000,0x00000000e8380000)
  from space 10240K, 0% used [0x00000000e8e80000,0x00000000e8e80000,0x00000000e9880000)
  to   space 11264K, 0% used [0x00000000e8380000,0x00000000e8380000,0x00000000e8e80000)
 ParOldGen       total 69120K, used 14444K [0x00000000a2400000, 0x00000000a6780000, 0x00000000e0c00000)
  object space 69120K, 20% used [0x00000000a2400000,0x00000000a321b290,0x00000000a6780000)
 Metaspace       used 33271K, capacity 35290K, committed 35416K, reserved 1079296K
  class space    used 4270K, capacity 4651K, committed 4736K, reserved 1048576K
}

